<?xml version="1.0" encoding="UTF-8"?>
<!-- Generated by org.testng.reporters.JUnitXMLReporter -->
<testsuite ignored="0" hostname="Dinesh_Omen" failures="1" tests="2" name="Test(failed)" time="16.446" errors="0" timestamp="2023-12-05T13:14:39 IST">
  <testcase classname="TestCases.AccountRegistrationTest" name="test_registration" time="1.046"/>
  <testcase classname="TestCases.TC_003_LoginDataDrivenTest" name="test_LoginDDT" time="10.554">
    <failure type="java.lang.AssertionError" message="expected [true] but found [false]">
      <![CDATA[java.lang.AssertionError: expected [true] but found [false]
at TestCases.TC_003_LoginDataDrivenTest.test_LoginDDT(TC_003_LoginDataDrivenTest.java:34)
at java.base/java.util.ArrayList.forEach(ArrayList.java:1596)
... Removed 29 stack frames]]>
    </failure>
  </testcase> <!-- test_LoginDDT -->
</testsuite> <!-- Test(failed) -->
